[0.410s] Invoking command in '/home/setare/Vision/Work/Tutorials/ROS2/ros2_ws/src/my_robot_controller': PYTHONPATH=/home/setare/Vision/Work/Tutorials/ROS2/ros2_ws/build/my_robot_controller/prefix_override:/usr/lib/python3/dist-packages/colcon_core/task/python/colcon_distutils_commands:/home/setare/Vision/Work/Tutorials/ROS2/ros2_ws/install/my_robot_controller/lib/python3.10/site-packages:${PYTHONPATH} /usr/bin/python3 -W ignore:setup.py install is deprecated setup.py egg_info --egg-base ../../build/my_robot_controller build --build-base /home/setare/Vision/Work/Tutorials/ROS2/ros2_ws/build/my_robot_controller/build install --record /home/setare/Vision/Work/Tutorials/ROS2/ros2_ws/build/my_robot_controller/install.log --single-version-externally-managed install_data
[0.557s] running egg_info
[0.557s] writing ../../build/my_robot_controller/my_robot_controller.egg-info/PKG-INFO
[0.557s] writing dependency_links to ../../build/my_robot_controller/my_robot_controller.egg-info/dependency_links.txt
[0.557s] writing entry points to ../../build/my_robot_controller/my_robot_controller.egg-info/entry_points.txt
[0.557s] writing requirements to ../../build/my_robot_controller/my_robot_controller.egg-info/requires.txt
[0.557s] writing top-level names to ../../build/my_robot_controller/my_robot_controller.egg-info/top_level.txt
[0.558s] reading manifest file '../../build/my_robot_controller/my_robot_controller.egg-info/SOURCES.txt'
[0.559s] writing manifest file '../../build/my_robot_controller/my_robot_controller.egg-info/SOURCES.txt'
[0.559s] running build
[0.560s] running build_py
[0.560s] copying my_robot_controller/my_first_node.py -> /home/setare/Vision/Work/Tutorials/ROS2/ros2_ws/build/my_robot_controller/build/lib/my_robot_controller
[0.560s] running install
[0.560s] running install_lib
[0.560s] copying /home/setare/Vision/Work/Tutorials/ROS2/ros2_ws/build/my_robot_controller/build/lib/my_robot_controller/my_first_node.py -> /home/setare/Vision/Work/Tutorials/ROS2/ros2_ws/install/my_robot_controller/lib/python3.10/site-packages/my_robot_controller
[0.561s] byte-compiling /home/setare/Vision/Work/Tutorials/ROS2/ros2_ws/install/my_robot_controller/lib/python3.10/site-packages/my_robot_controller/my_first_node.py to my_first_node.cpython-310.pyc
[0.561s] running install_data
[0.561s] running install_egg_info
[0.562s] removing '/home/setare/Vision/Work/Tutorials/ROS2/ros2_ws/install/my_robot_controller/lib/python3.10/site-packages/my_robot_controller-0.0.0-py3.10.egg-info' (and everything under it)
[0.562s] Copying ../../build/my_robot_controller/my_robot_controller.egg-info to /home/setare/Vision/Work/Tutorials/ROS2/ros2_ws/install/my_robot_controller/lib/python3.10/site-packages/my_robot_controller-0.0.0-py3.10.egg-info
[0.563s] running install_scripts
[0.576s] Installing test_node script to /home/setare/Vision/Work/Tutorials/ROS2/ros2_ws/install/my_robot_controller/lib/my_robot_controller
[0.576s] writing list of installed files to '/home/setare/Vision/Work/Tutorials/ROS2/ros2_ws/build/my_robot_controller/install.log'
[0.591s] Invoked command in '/home/setare/Vision/Work/Tutorials/ROS2/ros2_ws/src/my_robot_controller' returned '0': PYTHONPATH=/home/setare/Vision/Work/Tutorials/ROS2/ros2_ws/build/my_robot_controller/prefix_override:/usr/lib/python3/dist-packages/colcon_core/task/python/colcon_distutils_commands:/home/setare/Vision/Work/Tutorials/ROS2/ros2_ws/install/my_robot_controller/lib/python3.10/site-packages:${PYTHONPATH} /usr/bin/python3 -W ignore:setup.py install is deprecated setup.py egg_info --egg-base ../../build/my_robot_controller build --build-base /home/setare/Vision/Work/Tutorials/ROS2/ros2_ws/build/my_robot_controller/build install --record /home/setare/Vision/Work/Tutorials/ROS2/ros2_ws/build/my_robot_controller/install.log --single-version-externally-managed install_data
