[0.389s] Invoking command in '/home/setare/Vision/Work/Tutorials/ROS2/ros2_ws/build/my_robot_controller': CONDA_PROMPT_MODIFIER=(base) PYTHONPATH=/home/setare/Vision/Work/Tutorials/ROS2/ros2_ws/build/my_robot_controller/prefix_override:/usr/lib/python3/dist-packages/colcon_core/task/python/colcon_distutils_commands:/home/setare/Vision/Work/Tutorials/ROS2/ros2_ws/install/my_robot_controller/lib/python3.10/site-packages:${PYTHONPATH} /usr/bin/python3 -W ignore:setup.py install is deprecated setup.py develop --editable --build-directory /home/setare/Vision/Work/Tutorials/ROS2/ros2_ws/build/my_robot_controller/build --no-deps symlink_data --force
[0.546s] running develop
[0.547s] /usr/lib/python3/dist-packages/setuptools/command/easy_install.py:158: EasyInstallDeprecationWarning: easy_install command is deprecated. Use build and pip and other standards-based tools.
[0.547s]   warnings.warn(
[0.641s] running egg_info
[0.641s] writing my_robot_controller.egg-info/PKG-INFO
[0.643s] writing dependency_links to my_robot_controller.egg-info/dependency_links.txt
[0.643s] writing entry points to my_robot_controller.egg-info/entry_points.txt
[0.643s] writing requirements to my_robot_controller.egg-info/requires.txt
[0.643s] writing top-level names to my_robot_controller.egg-info/top_level.txt
[0.645s] reading manifest file 'my_robot_controller.egg-info/SOURCES.txt'
[0.645s] writing manifest file 'my_robot_controller.egg-info/SOURCES.txt'
[0.646s] running build_ext
[0.646s] Creating /home/setare/Vision/Work/Tutorials/ROS2/ros2_ws/install/my_robot_controller/lib/python3.10/site-packages/my-robot-controller.egg-link (link to .)
[0.646s] Installing test_node script to /home/setare/Vision/Work/Tutorials/ROS2/ros2_ws/install/my_robot_controller/lib/my_robot_controller
[0.646s] 
[0.646s] Installed /home/setare/Vision/Work/Tutorials/ROS2/ros2_ws/build/my_robot_controller
[0.647s] running symlink_data
[0.647s] symbolically linking /home/setare/Vision/Work/Tutorials/ROS2/ros2_ws/build/my_robot_controller/resource/my_robot_controller -> /home/setare/Vision/Work/Tutorials/ROS2/ros2_ws/install/my_robot_controller/share/ament_index/resource_index/packages
[0.647s] symbolically linking /home/setare/Vision/Work/Tutorials/ROS2/ros2_ws/build/my_robot_controller/package.xml -> /home/setare/Vision/Work/Tutorials/ROS2/ros2_ws/install/my_robot_controller/share/my_robot_controller
[0.662s] Invoked command in '/home/setare/Vision/Work/Tutorials/ROS2/ros2_ws/build/my_robot_controller' returned '0': CONDA_PROMPT_MODIFIER=(base) PYTHONPATH=/home/setare/Vision/Work/Tutorials/ROS2/ros2_ws/build/my_robot_controller/prefix_override:/usr/lib/python3/dist-packages/colcon_core/task/python/colcon_distutils_commands:/home/setare/Vision/Work/Tutorials/ROS2/ros2_ws/install/my_robot_controller/lib/python3.10/site-packages:${PYTHONPATH} /usr/bin/python3 -W ignore:setup.py install is deprecated setup.py develop --editable --build-directory /home/setare/Vision/Work/Tutorials/ROS2/ros2_ws/build/my_robot_controller/build --no-deps symlink_data --force
