[0.532s] Invoking command in '/home/setare/Vision/Work/Tutorials/ROS2/ros2_ws/src/my_robot_controller': CONDA_PROMPT_MODIFIER=(base) PYTHONPATH=/home/setare/Vision/Work/Tutorials/ROS2/ros2_ws/build/my_robot_controller/prefix_override:/usr/lib/python3/dist-packages/colcon_core/task/python/colcon_distutils_commands:/home/setare/Vision/Work/Tutorials/ROS2/ros2_ws/install/my_robot_controller/lib/python3.10/site-packages:${PYTHONPATH} /usr/bin/python3 -W ignore:setup.py install is deprecated setup.py egg_info --egg-base ../../build/my_robot_controller build --build-base /home/setare/Vision/Work/Tutorials/ROS2/ros2_ws/build/my_robot_controller/build install --record /home/setare/Vision/Work/Tutorials/ROS2/ros2_ws/build/my_robot_controller/install.log --single-version-externally-managed install_data
[0.685s] running egg_info
[0.685s] creating ../../build/my_robot_controller/my_robot_controller.egg-info
[0.685s] writing ../../build/my_robot_controller/my_robot_controller.egg-info/PKG-INFO
[0.685s] writing dependency_links to ../../build/my_robot_controller/my_robot_controller.egg-info/dependency_links.txt
[0.685s] writing entry points to ../../build/my_robot_controller/my_robot_controller.egg-info/entry_points.txt
[0.685s] writing requirements to ../../build/my_robot_controller/my_robot_controller.egg-info/requires.txt
[0.685s] writing top-level names to ../../build/my_robot_controller/my_robot_controller.egg-info/top_level.txt
[0.685s] writing manifest file '../../build/my_robot_controller/my_robot_controller.egg-info/SOURCES.txt'
[0.686s] reading manifest file '../../build/my_robot_controller/my_robot_controller.egg-info/SOURCES.txt'
[0.687s] writing manifest file '../../build/my_robot_controller/my_robot_controller.egg-info/SOURCES.txt'
[0.687s] running build
[0.687s] running build_py
[0.687s] creating /home/setare/Vision/Work/Tutorials/ROS2/ros2_ws/build/my_robot_controller/build
[0.687s] creating /home/setare/Vision/Work/Tutorials/ROS2/ros2_ws/build/my_robot_controller/build/lib
[0.687s] creating /home/setare/Vision/Work/Tutorials/ROS2/ros2_ws/build/my_robot_controller/build/lib/my_robot_controller
[0.687s] copying my_robot_controller/__init__.py -> /home/setare/Vision/Work/Tutorials/ROS2/ros2_ws/build/my_robot_controller/build/lib/my_robot_controller
[0.688s] running install
[0.688s] running install_lib
[0.688s] creating /home/setare/Vision/Work/Tutorials/ROS2/ros2_ws/install/my_robot_controller/lib/python3.10/site-packages/my_robot_controller
[0.688s] copying /home/setare/Vision/Work/Tutorials/ROS2/ros2_ws/build/my_robot_controller/build/lib/my_robot_controller/__init__.py -> /home/setare/Vision/Work/Tutorials/ROS2/ros2_ws/install/my_robot_controller/lib/python3.10/site-packages/my_robot_controller
[0.688s] byte-compiling /home/setare/Vision/Work/Tutorials/ROS2/ros2_ws/install/my_robot_controller/lib/python3.10/site-packages/my_robot_controller/__init__.py to __init__.cpython-310.pyc
[0.688s] running install_data
[0.689s] creating /home/setare/Vision/Work/Tutorials/ROS2/ros2_ws/install/my_robot_controller/share/ament_index
[0.689s] creating /home/setare/Vision/Work/Tutorials/ROS2/ros2_ws/install/my_robot_controller/share/ament_index/resource_index
[0.689s] creating /home/setare/Vision/Work/Tutorials/ROS2/ros2_ws/install/my_robot_controller/share/ament_index/resource_index/packages
[0.689s] copying resource/my_robot_controller -> /home/setare/Vision/Work/Tutorials/ROS2/ros2_ws/install/my_robot_controller/share/ament_index/resource_index/packages
[0.689s] copying package.xml -> /home/setare/Vision/Work/Tutorials/ROS2/ros2_ws/install/my_robot_controller/share/my_robot_controller
[0.689s] running install_egg_info
[0.690s] Copying ../../build/my_robot_controller/my_robot_controller.egg-info to /home/setare/Vision/Work/Tutorials/ROS2/ros2_ws/install/my_robot_controller/lib/python3.10/site-packages/my_robot_controller-0.0.0-py3.10.egg-info
[0.690s] running install_scripts
[0.703s] writing list of installed files to '/home/setare/Vision/Work/Tutorials/ROS2/ros2_ws/build/my_robot_controller/install.log'
[0.717s] Invoked command in '/home/setare/Vision/Work/Tutorials/ROS2/ros2_ws/src/my_robot_controller' returned '0': CONDA_PROMPT_MODIFIER=(base) PYTHONPATH=/home/setare/Vision/Work/Tutorials/ROS2/ros2_ws/build/my_robot_controller/prefix_override:/usr/lib/python3/dist-packages/colcon_core/task/python/colcon_distutils_commands:/home/setare/Vision/Work/Tutorials/ROS2/ros2_ws/install/my_robot_controller/lib/python3.10/site-packages:${PYTHONPATH} /usr/bin/python3 -W ignore:setup.py install is deprecated setup.py egg_info --egg-base ../../build/my_robot_controller build --build-base /home/setare/Vision/Work/Tutorials/ROS2/ros2_ws/build/my_robot_controller/build install --record /home/setare/Vision/Work/Tutorials/ROS2/ros2_ws/build/my_robot_controller/install.log --single-version-externally-managed install_data
