[0.384s] Invoking command in '/home/setare/Vision/Work/Tutorials/ROS2/ros2_ws/build/my_robot_controller': CONDA_PROMPT_MODIFIER=(base) PYTHONPATH=/home/setare/Vision/Work/Tutorials/ROS2/ros2_ws/build/my_robot_controller/prefix_override:/usr/lib/python3/dist-packages/colcon_core/task/python/colcon_distutils_commands:/home/setare/Vision/Work/Tutorials/ROS2/ros2_ws/install/my_robot_controller/lib/python3.10/site-packages:${PYTHONPATH} /usr/bin/python3 -W ignore:setup.py install is deprecated setup.py develop --uninstall --editable --build-directory /home/setare/Vision/Work/Tutorials/ROS2/ros2_ws/build/my_robot_controller/build
[0.537s] running develop
[0.537s] /usr/lib/python3/dist-packages/setuptools/command/easy_install.py:158: EasyInstallDeprecationWarning: easy_install command is deprecated. Use build and pip and other standards-based tools.
[0.537s]   warnings.warn(
[0.631s] Removing /home/setare/Vision/Work/Tutorials/ROS2/ros2_ws/install/my_robot_controller/lib/python3.10/site-packages/my-robot-controller.egg-link (link to .)
[0.646s] Invoked command in '/home/setare/Vision/Work/Tutorials/ROS2/ros2_ws/build/my_robot_controller' returned '0': CONDA_PROMPT_MODIFIER=(base) PYTHONPATH=/home/setare/Vision/Work/Tutorials/ROS2/ros2_ws/build/my_robot_controller/prefix_override:/usr/lib/python3/dist-packages/colcon_core/task/python/colcon_distutils_commands:/home/setare/Vision/Work/Tutorials/ROS2/ros2_ws/install/my_robot_controller/lib/python3.10/site-packages:${PYTHONPATH} /usr/bin/python3 -W ignore:setup.py install is deprecated setup.py develop --uninstall --editable --build-directory /home/setare/Vision/Work/Tutorials/ROS2/ros2_ws/build/my_robot_controller/build
[0.648s] Invoking command in '/home/setare/Vision/Work/Tutorials/ROS2/ros2_ws/src/my_robot_controller': CONDA_PROMPT_MODIFIER=(base) PYTHONPATH=/home/setare/Vision/Work/Tutorials/ROS2/ros2_ws/build/my_robot_controller/prefix_override:/usr/lib/python3/dist-packages/colcon_core/task/python/colcon_distutils_commands:/home/setare/Vision/Work/Tutorials/ROS2/ros2_ws/install/my_robot_controller/lib/python3.10/site-packages:${PYTHONPATH} /usr/bin/python3 -W ignore:setup.py install is deprecated setup.py egg_info --egg-base ../../build/my_robot_controller build --build-base /home/setare/Vision/Work/Tutorials/ROS2/ros2_ws/build/my_robot_controller/build install --record /home/setare/Vision/Work/Tutorials/ROS2/ros2_ws/build/my_robot_controller/install.log --single-version-externally-managed install_data --force
[0.788s] running egg_info
[0.789s] writing ../../build/my_robot_controller/my_robot_controller.egg-info/PKG-INFO
[0.789s] writing dependency_links to ../../build/my_robot_controller/my_robot_controller.egg-info/dependency_links.txt
[0.789s] writing entry points to ../../build/my_robot_controller/my_robot_controller.egg-info/entry_points.txt
[0.789s] writing requirements to ../../build/my_robot_controller/my_robot_controller.egg-info/requires.txt
[0.789s] writing top-level names to ../../build/my_robot_controller/my_robot_controller.egg-info/top_level.txt
[0.790s] reading manifest file '../../build/my_robot_controller/my_robot_controller.egg-info/SOURCES.txt'
[0.791s] writing manifest file '../../build/my_robot_controller/my_robot_controller.egg-info/SOURCES.txt'
[0.791s] running build
[0.791s] running build_py
[0.792s] copying my_robot_controller/my_first_node.py -> /home/setare/Vision/Work/Tutorials/ROS2/ros2_ws/build/my_robot_controller/build/lib/my_robot_controller
[0.792s] running install
[0.792s] running install_lib
[0.792s] creating /home/setare/Vision/Work/Tutorials/ROS2/ros2_ws/install/my_robot_controller/lib/python3.10/site-packages/my_robot_controller
[0.792s] copying /home/setare/Vision/Work/Tutorials/ROS2/ros2_ws/build/my_robot_controller/build/lib/my_robot_controller/my_first_node.py -> /home/setare/Vision/Work/Tutorials/ROS2/ros2_ws/install/my_robot_controller/lib/python3.10/site-packages/my_robot_controller
[0.792s] copying /home/setare/Vision/Work/Tutorials/ROS2/ros2_ws/build/my_robot_controller/build/lib/my_robot_controller/__init__.py -> /home/setare/Vision/Work/Tutorials/ROS2/ros2_ws/install/my_robot_controller/lib/python3.10/site-packages/my_robot_controller
[0.792s] byte-compiling /home/setare/Vision/Work/Tutorials/ROS2/ros2_ws/install/my_robot_controller/lib/python3.10/site-packages/my_robot_controller/my_first_node.py to my_first_node.cpython-310.pyc
[0.792s] byte-compiling /home/setare/Vision/Work/Tutorials/ROS2/ros2_ws/install/my_robot_controller/lib/python3.10/site-packages/my_robot_controller/__init__.py to __init__.cpython-310.pyc
[0.792s] running install_data
[0.793s] copying resource/my_robot_controller -> /home/setare/Vision/Work/Tutorials/ROS2/ros2_ws/install/my_robot_controller/share/ament_index/resource_index/packages
[0.793s] copying package.xml -> /home/setare/Vision/Work/Tutorials/ROS2/ros2_ws/install/my_robot_controller/share/my_robot_controller
[0.793s] running install_egg_info
[0.794s] Copying ../../build/my_robot_controller/my_robot_controller.egg-info to /home/setare/Vision/Work/Tutorials/ROS2/ros2_ws/install/my_robot_controller/lib/python3.10/site-packages/my_robot_controller-0.0.0-py3.10.egg-info
[0.794s] running install_scripts
[0.809s] Installing test_node script to /home/setare/Vision/Work/Tutorials/ROS2/ros2_ws/install/my_robot_controller/lib/my_robot_controller
[0.809s] writing list of installed files to '/home/setare/Vision/Work/Tutorials/ROS2/ros2_ws/build/my_robot_controller/install.log'
[0.825s] Invoked command in '/home/setare/Vision/Work/Tutorials/ROS2/ros2_ws/src/my_robot_controller' returned '0': CONDA_PROMPT_MODIFIER=(base) PYTHONPATH=/home/setare/Vision/Work/Tutorials/ROS2/ros2_ws/build/my_robot_controller/prefix_override:/usr/lib/python3/dist-packages/colcon_core/task/python/colcon_distutils_commands:/home/setare/Vision/Work/Tutorials/ROS2/ros2_ws/install/my_robot_controller/lib/python3.10/site-packages:${PYTHONPATH} /usr/bin/python3 -W ignore:setup.py install is deprecated setup.py egg_info --egg-base ../../build/my_robot_controller build --build-base /home/setare/Vision/Work/Tutorials/ROS2/ros2_ws/build/my_robot_controller/build install --record /home/setare/Vision/Work/Tutorials/ROS2/ros2_ws/build/my_robot_controller/install.log --single-version-externally-managed install_data --force
